<?xml version="1.0" encoding="UTF-8"?>
<!-- Generated by org.testng.reporters.JUnitXMLReporter -->
<testsuite ignored="0" hostname="DESKTOP-TOGF6KB" failures="0" tests="1" name="LoginTest" time="0.052" errors="0" timestamp="19 Oct 2021 10:50:24 GMT">
  <testcase classname="com.ddf.base.TestBase" name="@BeforeSuite setUp" time="1.547">
    <failure type="org.openqa.selenium.SessionNotCreatedException" message="session not created: This version of ChromeDriver only supports Chrome version 95
Current browser version is 94.0.4606.81 with binary path C:\Program Files\Google\Chrome\Application\chrome.exe
Build info: version: &amp;apos;3.141.59&amp;apos;, revision: &amp;apos;e82be7d358&amp;apos;, time: &amp;apos;2018-11-14T08:17:03&amp;apos;
System info: host: &amp;apos;DESKTOP-TOGF6KB&amp;apos;, ip: &amp;apos;192.168.1.39&amp;apos;, os.name: &amp;apos;Windows 10&amp;apos;, os.arch: &amp;apos;amd64&amp;apos;, os.version: &amp;apos;10.0&amp;apos;, java.version: &amp;apos;16.0.2&amp;apos;
Driver info: driver.version: ChromeDriver
remote stacktrace: Backtrace:
	Ordinal0 [0x00DC3AB3+2505395]
	Ordinal0 [0x00D5AE41+2076225]
	Ordinal0 [0x00C62498+1057944]
	Ordinal0 [0x00C80841+1181761]
	Ordinal0 [0x00C7C64B+1164875]
	Ordinal0 [0x00C79EBF+1154751]
	Ordinal0 [0x00CAA02F+1351727]
	Ordinal0 [0x00CA9C9A+1350810]
	Ordinal0 [0x00CA58BB+1333435]
	Ordinal0 [0x00C823E4+1188836]
	Ordinal0 [0x00C8323F+1192511]
	GetHandleVerifier [0x00F4CB36+1554566]
	GetHandleVerifier [0x00FF4A0C+2242396]
	GetHandleVerifier [0x00E50E0B+523099]
	GetHandleVerifier [0x00E4FEB0+519168]
	Ordinal0 [0x00D602FD+2097917]
	Ordinal0 [0x00D64388+2114440]
	Ordinal0 [0x00D644C2+2114754]
	Ordinal0 [0x00D6E041+2154561]
	BaseThreadInitThunk [0x7598FA29+25]
	RtlGetAppContainerNamedObjectPath [0x77A47A9E+286]
	RtlGetAppContainerNamedObjectPath [0x77A47A6E+238]
">
      <![CDATA[org.openqa.selenium.SessionNotCreatedException: session not created: This version of ChromeDriver only supports Chrome version 95
Current browser version is 94.0.4606.81 with binary path C:\Program Files\Google\Chrome\Application\chrome.exe
Build info: version: '3.141.59', revision: 'e82be7d358', time: '2018-11-14T08:17:03'
System info: host: 'DESKTOP-TOGF6KB', ip: '192.168.1.39', os.name: 'Windows 10', os.arch: 'amd64', os.version: '10.0', java.version: '16.0.2'
Driver info: driver.version: ChromeDriver
remote stacktrace: Backtrace:
Ordinal0 [0x00DC3AB3+2505395]
Ordinal0 [0x00D5AE41+2076225]
Ordinal0 [0x00C62498+1057944]
Ordinal0 [0x00C80841+1181761]
Ordinal0 [0x00C7C64B+1164875]
Ordinal0 [0x00C79EBF+1154751]
Ordinal0 [0x00CAA02F+1351727]
Ordinal0 [0x00CA9C9A+1350810]
Ordinal0 [0x00CA58BB+1333435]
Ordinal0 [0x00C823E4+1188836]
Ordinal0 [0x00C8323F+1192511]
GetHandleVerifier [0x00F4CB36+1554566]
GetHandleVerifier [0x00FF4A0C+2242396]
GetHandleVerifier [0x00E50E0B+523099]
GetHandleVerifier [0x00E4FEB0+519168]
Ordinal0 [0x00D602FD+2097917]
Ordinal0 [0x00D64388+2114440]
Ordinal0 [0x00D644C2+2114754]
Ordinal0 [0x00D6E041+2154561]
BaseThreadInitThunk [0x7598FA29+25]
RtlGetAppContainerNamedObjectPath [0x77A47A9E+286]
RtlGetAppContainerNamedObjectPath [0x77A47A6E+238]

at org.openqa.selenium.remote.W3CHandshakeResponse.lambda$errorHandler$0(W3CHandshakeResponse.java:62)
at org.openqa.selenium.remote.HandshakeResponse.lambda$getResponseFunction$0(HandshakeResponse.java:30)
at org.openqa.selenium.remote.ProtocolHandshake.lambda$createSession$0(ProtocolHandshake.java:126)
at java.base/java.util.stream.ReferencePipeline$3$1.accept(ReferencePipeline.java:197)
at java.base/java.util.Spliterators$ArraySpliterator.tryAdvance(Spliterators.java:958)
at java.base/java.util.stream.ReferencePipeline.forEachWithCancel(ReferencePipeline.java:129)
at java.base/java.util.stream.AbstractPipeline.copyIntoWithCancel(AbstractPipeline.java:502)
at java.base/java.util.stream.AbstractPipeline.copyInto(AbstractPipeline.java:488)
at java.base/java.util.stream.AbstractPipeline.wrapAndCopyInto(AbstractPipeline.java:474)
at java.base/java.util.stream.FindOps$FindOp.evaluateSequential(FindOps.java:150)
at java.base/java.util.stream.AbstractPipeline.evaluate(AbstractPipeline.java:234)
at java.base/java.util.stream.ReferencePipeline.findFirst(ReferencePipeline.java:647)
at org.openqa.selenium.remote.ProtocolHandshake.createSession(ProtocolHandshake.java:128)
at org.openqa.selenium.remote.ProtocolHandshake.createSession(ProtocolHandshake.java:74)
at org.openqa.selenium.remote.HttpCommandExecutor.execute(HttpCommandExecutor.java:136)
at org.openqa.selenium.remote.service.DriverCommandExecutor.execute(DriverCommandExecutor.java:83)
at org.openqa.selenium.remote.RemoteWebDriver.execute(RemoteWebDriver.java:552)
at org.openqa.selenium.remote.RemoteWebDriver.startSession(RemoteWebDriver.java:213)
at org.openqa.selenium.remote.RemoteWebDriver.<init>(RemoteWebDriver.java:131)
at org.openqa.selenium.chrome.ChromeDriver.<init>(ChromeDriver.java:181)
at org.openqa.selenium.chrome.ChromeDriver.<init>(ChromeDriver.java:168)
at org.openqa.selenium.chrome.ChromeDriver.<init>(ChromeDriver.java:123)
at com.ddf.base.TestBase.setUp(TestBase.java:54)
... Removed 25 stack frames]]>
    </failure>
  </testcase> <!-- @BeforeSuite setUp -->
  <testcase classname="com.ddf.testcases.LoginTest" name="loginAsBankManager" time="0.0">
    <skipped/>
  </testcase> <!-- loginAsBankManager -->
</testsuite> <!-- LoginTest -->
